# JRE version: OpenJDK Runtime Environment (8.0_212-b01) (build 1.8.0_212-8u212-b01-1~deb9u1-b01)
# Java VM: OpenJDK 64-Bit Server VM (25.212-b01 mixed mode linux-amd64 compressed oops)
Heap:
 PSYoungGen      total 324096K, used 13600K [0x00000000d7f00000, 0x00000000ed100000, 0x0000000100000000)
  eden space 302080K, 0% used [0x00000000d7f00000,0x00000000d7f00000,0x00000000ea600000)
  from space 22016K, 61% used [0x00000000ea600000,0x00000000eb348140,0x00000000ebb80000)
  to   space 16384K, 0% used [0x00000000ec100000,0x00000000ec100000,0x00000000ed100000)
 ParOldGen       total 120320K, used 31661K [0x0000000087c00000, 0x000000008f180000, 0x00000000d7f00000)
  object space 120320K, 26% used [0x0000000087c00000,0x0000000089aeb7d8,0x000000008f180000)
 Metaspace       used 69492K, capacity 72658K, committed 72832K, reserved 1112064K
  class space    used 8974K, capacity 9535K, committed 9600K, reserved 1048576K
GC Heap History (10 events):
Event: 7,668 GC heap after
Heap after GC invocations=11 (full 2):
 PSYoungGen      total 215552K, used 13805K [0x00000000d7f00000, 0x00000000e9a80000, 0x0000000100000000)
  eden space 201728K, 0% used [0x00000000d7f00000,0x00000000d7f00000,0x00000000e4400000)
  from space 13824K, 99% used [0x00000000e4400000,0x00000000e517b5c0,0x00000000e5180000)
  to   space 16896K, 0% used [0x00000000e8a00000,0x00000000e8a00000,0x00000000e9a80000)
 ParOldGen       total 87552K, used 22055K [0x0000000087c00000, 0x000000008d180000, 0x00000000d7f00000)
  object space 87552K, 25% used [0x0000000087c00000,0x0000000089189c60,0x000000008d180000)
 Metaspace       used 46417K, capacity 48172K, committed 48640K, reserved 1091584K
  class space    used 5906K, capacity 6274K, committed 6400K, reserved 1048576K
}
Event: 9,186 GC heap before
{Heap before GC invocations=12 (full 2):
 PSYoungGen      total 215552K, used 121827K [0x00000000d7f00000, 0x00000000e9a80000, 0x0000000100000000)
  eden space 201728K, 53% used [0x00000000d7f00000,0x00000000de87d7f0,0x00000000e4400000)
  from space 13824K, 99% used [0x00000000e4400000,0x00000000e517b5c0,0x00000000e5180000)
  to   space 16896K, 0% used [0x00000000e8a00000,0x00000000e8a00000,0x00000000e9a80000)
 ParOldGen       total 87552K, used 22055K [0x0000000087c00000, 0x000000008d180000, 0x00000000d7f00000)
  object space 87552K, 25% used [0x0000000087c00000,0x0000000089189c60,0x000000008d180000)
 Metaspace       used 56657K, capacity 58960K, committed 59136K, reserved 1099776K
  class space    used 7396K, capacity 7818K, committed 7936K, reserved 1048576K
Event: 9,243 GC heap after
Heap after GC invocations=12 (full 2):
 PSYoungGen      total 270848K, used 16797K [0x00000000d7f00000, 0x00000000ea580000, 0x0000000100000000)
  eden space 253952K, 0% used [0x00000000d7f00000,0x00000000d7f00000,0x00000000e7700000)
  from space 16896K, 99% used [0x00000000e8a00000,0x00000000e9a67550,0x00000000e9a80000)
  to   space 19456K, 0% used [0x00000000e7700000,0x00000000e7700000,0x00000000e8a00000)
 ParOldGen       total 87552K, used 22071K [0x0000000087c00000, 0x000000008d180000, 0x00000000d7f00000)
  object space 87552K, 25% used [0x0000000087c00000,0x000000008918dc70,0x000000008d180000)
 Metaspace       used 56657K, capacity 58960K, committed 59136K, reserved 1099776K
  class space    used 7396K, capacity 7818K, committed 7936K, reserved 1048576K
}
Event: 9,243 GC heap before
{Heap before GC invocations=13 (full 3):
 PSYoungGen      total 270848K, used 16797K [0x00000000d7f00000, 0x00000000ea580000, 0x0000000100000000)
  eden space 253952K, 0% used [0x00000000d7f00000,0x00000000d7f00000,0x00000000e7700000)
  from space 16896K, 99% used [0x00000000e8a00000,0x00000000e9a67550,0x00000000e9a80000)
  to   space 19456K, 0% used [0x00000000e7700000,0x00000000e7700000,0x00000000e8a00000)
 ParOldGen       total 87552K, used 22071K [0x0000000087c00000, 0x000000008d180000, 0x00000000d7f00000)
  object space 87552K, 25% used [0x0000000087c00000,0x000000008918dc70,0x000000008d180000)
 Metaspace       used 56657K, capacity 58960K, committed 59136K, reserved 1099776K
  class space    used 7396K, capacity 7818K, committed 7936K, reserved 1048576K
Event: 9,432 GC heap after
Heap after GC invocations=13 (full 3):
 PSYoungGen      total 270848K, used 0K [0x00000000d7f00000, 0x00000000ea580000, 0x0000000100000000)
  eden space 253952K, 0% used [0x00000000d7f00000,0x00000000d7f00000,0x00000000e7700000)
  from space 16896K, 0% used [0x00000000e8a00000,0x00000000e8a00000,0x00000000e9a80000)
  to   space 19456K, 0% used [0x00000000e7700000,0x00000000e7700000,0x00000000e8a00000)
 ParOldGen       total 120320K, used 31637K [0x0000000087c00000, 0x000000008f180000, 0x00000000d7f00000)
  object space 120320K, 26% used [0x0000000087c00000,0x0000000089ae57d8,0x000000008f180000)
 Metaspace       used 56657K, capacity 58960K, committed 59136K, reserved 1099776K
  class space    used 7396K, capacity 7818K, committed 7936K, reserved 1048576K
}
Event: 19,267 GC heap before
{Heap before GC invocations=14 (full 3):
 PSYoungGen      total 270848K, used 253952K [0x00000000d7f00000, 0x00000000ea580000, 0x0000000100000000)
  eden space 253952K, 100% used [0x00000000d7f00000,0x00000000e7700000,0x00000000e7700000)
  from space 16896K, 0% used [0x00000000e8a00000,0x00000000e8a00000,0x00000000e9a80000)
  to   space 19456K, 0% used [0x00000000e7700000,0x00000000e7700000,0x00000000e8a00000)
 ParOldGen       total 120320K, used 31637K [0x0000000087c00000, 0x000000008f180000, 0x00000000d7f00000)
  object space 120320K, 26% used [0x0000000087c00000,0x0000000089ae57d8,0x000000008f180000)
 Metaspace       used 65991K, capacity 68890K, committed 68992K, reserved 1110016K
  class space    used 8532K, capacity 9017K, committed 9088K, reserved 1048576K
Event: 19,315 GC heap after
Heap after GC invocations=14 (full 3):
 PSYoungGen      total 273408K, used 14467K [0x00000000d7f00000, 0x00000000ed500000, 0x0000000100000000)
  eden space 253952K, 0% used [0x00000000d7f00000,0x00000000d7f00000,0x00000000e7700000)
  from space 19456K, 74% used [0x00000000e7700000,0x00000000e8520fa0,0x00000000e8a00000)
  to   space 20480K, 0% used [0x00000000ec100000,0x00000000ec100000,0x00000000ed500000)
 ParOldGen       total 120320K, used 31645K [0x0000000087c00000, 0x000000008f180000, 0x00000000d7f00000)
  object space 120320K, 26% used [0x0000000087c00000,0x0000000089ae77d8,0x000000008f180000)
 Metaspace       used 65991K, capacity 68890K, committed 68992K, reserved 1110016K
  class space    used 8532K, capacity 9017K, committed 9088K, reserved 1048576K
}
Event: 50,339 GC heap before
{Heap before GC invocations=15 (full 3):
 PSYoungGen      total 273408K, used 268419K [0x00000000d7f00000, 0x00000000ed500000, 0x0000000100000000)
  eden space 253952K, 100% used [0x00000000d7f00000,0x00000000e7700000,0x00000000e7700000)
  from space 19456K, 74% used [0x00000000e7700000,0x00000000e8520fa0,0x00000000e8a00000)
  to   space 20480K, 0% used [0x00000000ec100000,0x00000000ec100000,0x00000000ed500000)
 ParOldGen       total 120320K, used 31645K [0x0000000087c00000, 0x000000008f180000, 0x00000000d7f00000)
  object space 120320K, 26% used [0x0000000087c00000,0x0000000089ae77d8,0x000000008f180000)
 Metaspace       used 69458K, capacity 72658K, committed 72832K, reserved 1112064K
  class space    used 8974K, capacity 9535K, committed 9600K, reserved 1048576K
Event: 50,514 GC heap after
Heap after GC invocations=15 (full 3):
 PSYoungGen      total 318464K, used 15987K [0x00000000d7f00000, 0x00000000ed100000, 0x0000000100000000)
  eden space 302080K, 0% used [0x00000000d7f00000,0x00000000d7f00000,0x00000000ea600000)
  from space 16384K, 97% used [0x00000000ec100000,0x00000000ed09ce20,0x00000000ed100000)
  to   space 22016K, 0% used [0x00000000ea600000,0x00000000ea600000,0x00000000ebb80000)
 ParOldGen       total 120320K, used 31653K [0x0000000087c00000, 0x000000008f180000, 0x00000000d7f00000)
  object space 120320K, 26% used [0x0000000087c00000,0x0000000089ae97d8,0x000000008f180000)
 Metaspace       used 69458K, capacity 72658K, committed 72832K, reserved 1112064K
  class space    used 8974K, capacity 9535K, committed 9600K, reserved 1048576K
}
Event: 143,318 GC heap before
{Heap before GC invocations=16 (full 3):
 PSYoungGen      total 318464K, used 318067K [0x00000000d7f00000, 0x00000000ed100000, 0x0000000100000000)
  eden space 302080K, 100% used [0x00000000d7f00000,0x00000000ea600000,0x00000000ea600000)
  from space 16384K, 97% used [0x00000000ec100000,0x00000000ed09ce20,0x00000000ed100000)
  to   space 22016K, 0% used [0x00000000ea600000,0x00000000ea600000,0x00000000ebb80000)
 ParOldGen       total 120320K, used 31653K [0x0000000087c00000, 0x000000008f180000, 0x00000000d7f00000)
  object space 120320K, 26% used [0x0000000087c00000,0x0000000089ae97d8,0x000000008f180000)
 Metaspace       used 69492K, capacity 72658K, committed 72832K, reserved 1112064K
  class space    used 8974K, capacity 9535K, committed 9600K, reserved 1048576K

